<?xml version="1.0" encoding="UTF-8"?>
<!-- Generated by org.testng.reporters.JUnitReportReporter -->
<testsuite hostname="SHRADDHA" name="eBay.Browser_eBay" tests="1" failures="0" timestamp="3 Jun 2018 05:59:44 GMT" time="291.847" errors="0">
  <testcase name="sample" time="291.847" classname="eBay.Browser_eBay"/>
</testsuite> <!-- eBay.Browser_eBay -->
